<?xml version="1.0" encoding="UTF-8"?>
<!-- Generated by org.testng.reporters.JUnitReportReporter -->
<testsuite hostname="DESKTOP-DQAHIVT" failures="0" tests="1" name="com.cucumber.test.CucumberRunnerFile" time="11.113" errors="0" timestamp="2022-11-23T21:30:19 EST" skipped="0">
  <testcase classname="com.cucumber.test.CucumberRunnerFile" name="runScenario" time="11.113"/>
  <system-out/>
</testsuite> <!-- com.cucumber.test.CucumberRunnerFile -->
