<?xml version="1.0" encoding="UTF-8"?>
<!-- Generated by org.testng.reporters.JUnitReportReporter -->
<testsuite hostname="DESKTOP-DQAHIVT" failures="0" tests="1" name="com.cucumber.test.CucumberRunnerFile" time="12.816" errors="0" timestamp="2022-11-26T01:38:17 EST" skipped="0">
  <testcase classname="com.cucumber.test.CucumberRunnerFile" name="runScenario" time="12.816"/>
  <system-out/>
</testsuite> <!-- com.cucumber.test.CucumberRunnerFile -->
